<?xml version="1.0" encoding="UTF-8"?>
<testng-results total="1" passed="1" failed="0" skipped="0">
  <reporter-output>
  </reporter-output>
  <suite started-at="2019-08-07T05:52:34Z" name="com.tester.guiservices.TestDemo1" finished-at="2019-08-07T05:52:35Z" duration-ms="61">
    <groups>
    </groups>
    <test started-at="2019-08-07T05:52:34Z" name="Command line test" finished-at="2019-08-07T05:52:35Z" duration-ms="61">
      <class name="com.tester.guiservices.TestDemo1">
        <test-method is-config="true" signature="BT()[pri:0, instance:com.tester.guiservices.TestDemo1@6e0dec4a]" started-at="2019-08-07T11:22:34Z" name="BT" finished-at="2019-08-07T11:22:34Z" duration-ms="22" status="PASS">
          <reporter-output>
          </reporter-output>
        </test-method> <!-- BT -->
        <test-method signature="testcase1()[pri:0, instance:com.tester.guiservices.TestDemo1@6e0dec4a]" started-at="2019-08-07T11:22:35Z" name="testcase1" finished-at="2019-08-07T11:22:35Z" duration-ms="4" status="PASS">
          <reporter-output>
          </reporter-output>
        </test-method> <!-- testcase1 -->
        <test-method is-config="true" signature="AT()[pri:0, instance:com.tester.guiservices.TestDemo1@6e0dec4a]" started-at="2019-08-07T11:22:35Z" name="AT" finished-at="2019-08-07T11:22:35Z" duration-ms="1" status="PASS">
          <reporter-output>
          </reporter-output>
        </test-method> <!-- AT -->
      </class> <!-- com.tester.guiservices.TestDemo1 -->
    </test> <!-- Command line test -->
  </suite> <!-- com.tester.guiservices.TestDemo1 -->
</testng-results>
